# JRE version: Java(TM) SE Runtime Environment (8.0_05-b13) (build 1.8.0_05-b13)
# Java VM: Java HotSpot(TM) 64-Bit Server VM (25.5-b02 mixed mode windows-amd64 compressed oops)
Heap:
 PSYoungGen      total 9728K, used 6639K [0x0000000715b00000, 0x0000000716600000, 0x00000007c0000000)
  eden space 8192K, 70% used [0x0000000715b00000,0x00000007160a3f48,0x0000000716300000)
  from space 1536K, 56% used [0x0000000716480000,0x0000000716558000,0x0000000716600000)
  to   space 1536K, 0% used [0x0000000716300000,0x0000000716300000,0x0000000716480000)
 ParOldGen       total 522752K, used 2024K [0x00000005c1000000, 0x00000005e0e80000, 0x0000000715b00000)
  object space 522752K, 0% used [0x00000005c1000000,0x00000005c11fa208,0x00000005e0e80000)
 Metaspace       used 7568K, capacity 7722K, committed 7808K, reserved 1056768K
  class space    used 831K, capacity 857K, committed 896K, reserved 1048576K
GC Heap History (10 events):
Event: 0.279 GC heap before
{Heap before GC invocations=4 (full 0):
 PSYoungGen      total 1536K, used 1529K [0x0000000715b00000, 0x0000000715e00000, 0x00000007c0000000)
  eden space 1024K, 100% used [0x0000000715b00000,0x0000000715c00000,0x0000000715c00000)
  from space 512K, 98% used [0x0000000715c00000,0x0000000715c7e620,0x0000000715c80000)
  to   space 512K, 0% used [0x0000000715d80000,0x0000000715d80000,0x0000000715e00000)
 ParOldGen       total 522752K, used 644K [0x00000005c1000000, 0x00000005e0e80000, 0x0000000715b00000)
  object space 522752K, 0% used [0x00000005c1000000,0x00000005c10a1178,0x00000005e0e80000)
 Metaspace       used 2727K, capacity 4480K, committed 4480K, reserved 1056768K
  class space    used 298K, capacity 384K, committed 384K, reserved 1048576K
Event: 0.279 GC heap after
Heap after GC invocations=4 (full 0):
 PSYoungGen      total 2560K, used 496K [0x0000000715b00000, 0x0000000715e00000, 0x00000007c0000000)
  eden space 2048K, 0% used [0x0000000715b00000,0x0000000715b00000,0x0000000715d00000)
  from space 512K, 96% used [0x0000000715d80000,0x0000000715dfc010,0x0000000715e00000)
  to   space 512K, 0% used [0x0000000715d00000,0x0000000715d00000,0x0000000715d80000)
 ParOldGen       total 522752K, used 994K [0x00000005c1000000, 0x00000005e0e80000, 0x0000000715b00000)
  object space 522752K, 0% used [0x00000005c1000000,0x00000005c10f8898,0x00000005e0e80000)
 Metaspace       used 2727K, capacity 4480K, committed 4480K, reserved 1056768K
  class space    used 298K, capacity 384K, committed 384K, reserved 1048576K
}
Event: 0.316 GC heap before
{Heap before GC invocations=5 (full 0):
 PSYoungGen      total 2560K, used 2544K [0x0000000715b00000, 0x0000000715e00000, 0x00000007c0000000)
  eden space 2048K, 100% used [0x0000000715b00000,0x0000000715d00000,0x0000000715d00000)
  from space 512K, 96% used [0x0000000715d80000,0x0000000715dfc010,0x0000000715e00000)
  to   space 512K, 0% used [0x0000000715d00000,0x0000000715d00000,0x0000000715d80000)
 ParOldGen       total 522752K, used 994K [0x00000005c1000000, 0x00000005e0e80000, 0x0000000715b00000)
  object space 522752K, 0% used [0x00000005c1000000,0x00000005c10f8898,0x00000005e0e80000)
 Metaspace       used 3998K, capacity 4552K, committed 4608K, reserved 1056768K
  class space    used 427K, capacity 456K, committed 512K, reserved 1048576K
Event: 0.317 GC heap after
Heap after GC invocations=5 (full 0):
 PSYoungGen      total 2560K, used 496K [0x0000000715b00000, 0x0000000716200000, 0x00000007c0000000)
  eden space 2048K, 0% used [0x0000000715b00000,0x0000000715b00000,0x0000000715d00000)
  from space 512K, 96% used [0x0000000715d00000,0x0000000715d7c010,0x0000000715d80000)
  to   space 1536K, 0% used [0x0000000716080000,0x0000000716080000,0x0000000716200000)
 ParOldGen       total 522752K, used 1536K [0x00000005c1000000, 0x00000005e0e80000, 0x0000000715b00000)
  object space 522752K, 0% used [0x00000005c1000000,0x00000005c11801d8,0x00000005e0e80000)
 Metaspace       used 3998K, capacity 4552K, committed 4608K, reserved 1056768K
  class space    used 427K, capacity 456K, committed 512K, reserved 1048576K
}
Event: 0.388 GC heap before
{Heap before GC invocations=6 (full 0):
 PSYoungGen      total 2560K, used 2536K [0x0000000715b00000, 0x0000000716200000, 0x00000007c0000000)
  eden space 2048K, 99% used [0x0000000715b00000,0x0000000715cfe110,0x0000000715d00000)
  from space 512K, 96% used [0x0000000715d00000,0x0000000715d7c010,0x0000000715d80000)
  to   space 1536K, 0% used [0x0000000716080000,0x0000000716080000,0x0000000716200000)
 ParOldGen       total 522752K, used 1536K [0x00000005c1000000, 0x00000005e0e80000, 0x0000000715b00000)
  object space 522752K, 0% used [0x00000005c1000000,0x00000005c11801d8,0x00000005e0e80000)
 Metaspace       used 4554K, capacity 4732K, committed 4864K, reserved 1056768K
  class space    used 480K, capacity 496K, committed 512K, reserved 1048576K
Event: 0.389 GC heap after
Heap after GC invocations=6 (full 0):
 PSYoungGen      total 5632K, used 884K [0x0000000715b00000, 0x0000000716200000, 0x00000007c0000000)
  eden space 4096K, 0% used [0x0000000715b00000,0x0000000715b00000,0x0000000715f00000)
  from space 1536K, 57% used [0x0000000716080000,0x000000071615d280,0x0000000716200000)
  to   space 1536K, 0% used [0x0000000715f00000,0x0000000715f00000,0x0000000716080000)
 ParOldGen       total 522752K, used 1544K [0x00000005c1000000, 0x00000005e0e80000, 0x0000000715b00000)
  object space 522752K, 0% used [0x00000005c1000000,0x00000005c11821d8,0x00000005e0e80000)
 Metaspace       used 4554K, capacity 4732K, committed 4864K, reserved 1056768K
  class space    used 480K, capacity 496K, committed 512K, reserved 1048576K
}
Event: 0.438 GC heap before
{Heap before GC invocations=7 (full 0):
 PSYoungGen      total 5632K, used 4980K [0x0000000715b00000, 0x0000000716200000, 0x00000007c0000000)
  eden space 4096K, 100% used [0x0000000715b00000,0x0000000715f00000,0x0000000715f00000)
  from space 1536K, 57% used [0x0000000716080000,0x000000071615d280,0x0000000716200000)
  to   space 1536K, 0% used [0x0000000715f00000,0x0000000715f00000,0x0000000716080000)
 ParOldGen       total 522752K, used 1544K [0x00000005c1000000, 0x00000005e0e80000, 0x0000000715b00000)
  object space 522752K, 0% used [0x00000005c1000000,0x00000005c11821d8,0x00000005e0e80000)
 Metaspace       used 5197K, capacity 5266K, committed 5504K, reserved 1056768K
  class space    used 546K, capacity 561K, committed 640K, reserved 1048576K
Event: 0.439 GC heap after
Heap after GC invocations=7 (full 0):
 PSYoungGen      total 5632K, used 728K [0x0000000715b00000, 0x0000000716600000, 0x00000007c0000000)
  eden space 4096K, 0% used [0x0000000715b00000,0x0000000715b00000,0x0000000715f00000)
  from space 1536K, 47% used [0x0000000715f00000,0x0000000715fb60c0,0x0000000716080000)
  to   space 1536K, 0% used [0x0000000716480000,0x0000000716480000,0x0000000716600000)
 ParOldGen       total 522752K, used 1872K [0x00000005c1000000, 0x00000005e0e80000, 0x0000000715b00000)
  object space 522752K, 0% used [0x00000005c1000000,0x00000005c11d4208,0x00000005e0e80000)
 Metaspace       used 5197K, capacity 5266K, committed 5504K, reserved 1056768K
  class space    used 546K, capacity 561K, committed 640K, reserved 1048576K
}
Event: 0.492 GC heap before
{Heap before GC invocations=8 (full 0):
 PSYoungGen      total 5632K, used 4824K [0x0000000715b00000, 0x0000000716600000, 0x00000007c0000000)
  eden space 4096K, 100% used [0x0000000715b00000,0x0000000715f00000,0x0000000715f00000)
  from space 1536K, 47% used [0x0000000715f00000,0x0000000715fb60c0,0x0000000716080000)
  to   space 1536K, 0% used [0x0000000716480000,0x0000000716480000,0x0000000716600000)
 ParOldGen       total 522752K, used 1872K [0x00000005c1000000, 0x00000005e0e80000, 0x0000000715b00000)
  object space 522752K, 0% used [0x00000005c1000000,0x00000005c11d4208,0x00000005e0e80000)
 Metaspace       used 5922K, capacity 6014K, committed 6144K, reserved 1056768K
  class space    used 638K, capacity 661K, committed 768K, reserved 1048576K
Event: 0.493 GC heap after
Heap after GC invocations=8 (full 0):
 PSYoungGen      total 9728K, used 864K [0x0000000715b00000, 0x0000000716600000, 0x00000007c0000000)
  eden space 8192K, 0% used [0x0000000715b00000,0x0000000715b00000,0x0000000716300000)
  from space 1536K, 56% used [0x0000000716480000,0x0000000716558000,0x0000000716600000)
  to   space 1536K, 0% used [0x0000000716300000,0x0000000716300000,0x0000000716480000)
 ParOldGen       total 522752K, used 2024K [0x00000005c1000000, 0x00000005e0e80000, 0x0000000715b00000)
  object space 522752K, 0% used [0x00000005c1000000,0x00000005c11fa208,0x00000005e0e80000)
 Metaspace       used 5922K, capacity 6014K, committed 6144K, reserved 1056768K
  class space    used 638K, capacity 661K, committed 768K, reserved 1048576K
}

