# JRE version: Java(TM) SE Runtime Environment (8.0_05-b13) (build 1.8.0_05-b13)
# Java VM: Java HotSpot(TM) 64-Bit Server VM (25.5-b02 mixed mode windows-amd64 compressed oops)
Heap:
 PSYoungGen      total 81408K, used 27146K [0x0000000715b00000, 0x000000071c800000, 0x00000007c0000000)
  eden space 54272K, 33% used [0x0000000715b00000,0x0000000716ca21c8,0x0000000719000000)
  from space 27136K, 33% used [0x000000071ad80000,0x000000071b660890,0x000000071c800000)
  to   space 28672K, 0% used [0x0000000719000000,0x0000000719000000,0x000000071ac00000)
 ParOldGen       total 50176K, used 21885K [0x00000005c1000000, 0x00000005c4100000, 0x0000000715b00000)
  object space 50176K, 43% used [0x00000005c1000000,0x00000005c255f7d0,0x00000005c4100000)
 Metaspace       used 55301K, capacity 58566K, committed 58624K, reserved 1099776K
  class space    used 7362K, capacity 7910K, committed 7936K, reserved 1048576K
GC Heap History (10 events):
Event: 343.949 GC heap before
{Heap before GC invocations=51 (full 7):
 PSYoungGen      total 82432K, used 60111K [0x0000000715b00000, 0x000000071c700000, 0x00000007c0000000)
  eden space 53760K, 100% used [0x0000000715b00000,0x0000000718f80000,0x0000000718f80000)
  from space 28672K, 22% used [0x0000000718f80000,0x00000007195b3c28,0x000000071ab80000)
  to   space 28160K, 0% used [0x000000071ab80000,0x000000071ab80000,0x000000071c700000)
 ParOldGen       total 50176K, used 21845K [0x00000005c1000000, 0x00000005c4100000, 0x0000000715b00000)
  object space 50176K, 43% used [0x00000005c1000000,0x00000005c25557d0,0x00000005c4100000)
 Metaspace       used 54933K, capacity 58076K, committed 58368K, reserved 1099776K
  class space    used 7312K, capacity 7841K, committed 7936K, reserved 1048576K
Event: 343.952 GC heap after
Heap after GC invocations=51 (full 7):
 PSYoungGen      total 80384K, used 7255K [0x0000000715b00000, 0x000000071c500000, 0x00000007c0000000)
  eden space 54272K, 0% used [0x0000000715b00000,0x0000000715b00000,0x0000000719000000)
  from space 26112K, 27% used [0x000000071ab80000,0x000000071b295ef8,0x000000071c500000)
  to   space 27136K, 0% used [0x0000000719000000,0x0000000719000000,0x000000071aa80000)
 ParOldGen       total 50176K, used 21853K [0x00000005c1000000, 0x00000005c4100000, 0x0000000715b00000)
  object space 50176K, 43% used [0x00000005c1000000,0x00000005c25577d0,0x00000005c4100000)
 Metaspace       used 54933K, capacity 58076K, committed 58368K, reserved 1099776K
  class space    used 7312K, capacity 7841K, committed 7936K, reserved 1048576K
}
Event: 344.104 GC heap before
{Heap before GC invocations=52 (full 7):
 PSYoungGen      total 80384K, used 61527K [0x0000000715b00000, 0x000000071c500000, 0x00000007c0000000)
  eden space 54272K, 100% used [0x0000000715b00000,0x0000000719000000,0x0000000719000000)
  from space 26112K, 27% used [0x000000071ab80000,0x000000071b295ef8,0x000000071c500000)
  to   space 27136K, 0% used [0x0000000719000000,0x0000000719000000,0x000000071aa80000)
 ParOldGen       total 50176K, used 21853K [0x00000005c1000000, 0x00000005c4100000, 0x0000000715b00000)
  object space 50176K, 43% used [0x00000005c1000000,0x00000005c25577d0,0x00000005c4100000)
 Metaspace       used 54976K, capacity 58166K, committed 58368K, reserved 1099776K
  class space    used 7323K, capacity 7886K, committed 7936K, reserved 1048576K
Event: 344.109 GC heap after
Heap after GC invocations=52 (full 7):
 PSYoungGen      total 81408K, used 21399K [0x0000000715b00000, 0x000000071ca00000, 0x00000007c0000000)
  eden space 54272K, 0% used [0x0000000715b00000,0x0000000715b00000,0x0000000719000000)
  from space 27136K, 78% used [0x0000000719000000,0x000000071a4e5d20,0x000000071aa80000)
  to   space 29184K, 0% used [0x000000071ad80000,0x000000071ad80000,0x000000071ca00000)
 ParOldGen       total 50176K, used 21861K [0x00000005c1000000, 0x00000005c4100000, 0x0000000715b00000)
  object space 50176K, 43% used [0x00000005c1000000,0x00000005c25597d0,0x00000005c4100000)
 Metaspace       used 54976K, capacity 58166K, committed 58368K, reserved 1099776K
  class space    used 7323K, capacity 7886K, committed 7936K, reserved 1048576K
}
Event: 344.173 GC heap before
{Heap before GC invocations=53 (full 7):
 PSYoungGen      total 81408K, used 75671K [0x0000000715b00000, 0x000000071ca00000, 0x00000007c0000000)
  eden space 54272K, 100% used [0x0000000715b00000,0x0000000719000000,0x0000000719000000)
  from space 27136K, 78% used [0x0000000719000000,0x000000071a4e5d20,0x000000071aa80000)
  to   space 29184K, 0% used [0x000000071ad80000,0x000000071ad80000,0x000000071ca00000)
 ParOldGen       total 50176K, used 21861K [0x00000005c1000000, 0x00000005c4100000, 0x0000000715b00000)
  object space 50176K, 43% used [0x00000005c1000000,0x00000005c25597d0,0x00000005c4100000)
 Metaspace       used 55033K, capacity 58256K, committed 58368K, reserved 1099776K
  class space    used 7331K, capacity 7901K, committed 7936K, reserved 1048576K
Event: 344.177 GC heap after
Heap after GC invocations=53 (full 7):
 PSYoungGen      total 82432K, used 20976K [0x0000000715b00000, 0x000000071cf00000, 0x00000007c0000000)
  eden space 53248K, 0% used [0x0000000715b00000,0x0000000715b00000,0x0000000718f00000)
  from space 29184K, 71% used [0x000000071ad80000,0x000000071c1fc338,0x000000071ca00000)
  to   space 31232K, 0% used [0x0000000718f00000,0x0000000718f00000,0x000000071ad80000)
 ParOldGen       total 50176K, used 21869K [0x00000005c1000000, 0x00000005c4100000, 0x0000000715b00000)
  object space 50176K, 43% used [0x00000005c1000000,0x00000005c255b7d0,0x00000005c4100000)
 Metaspace       used 55033K, capacity 58256K, committed 58368K, reserved 1099776K
  class space    used 7331K, capacity 7901K, committed 7936K, reserved 1048576K
}
Event: 361.568 GC heap before
{Heap before GC invocations=54 (full 7):
 PSYoungGen      total 82432K, used 74224K [0x0000000715b00000, 0x000000071cf00000, 0x00000007c0000000)
  eden space 53248K, 100% used [0x0000000715b00000,0x0000000718f00000,0x0000000718f00000)
  from space 29184K, 71% used [0x000000071ad80000,0x000000071c1fc338,0x000000071ca00000)
  to   space 31232K, 0% used [0x0000000718f00000,0x0000000718f00000,0x000000071ad80000)
 ParOldGen       total 50176K, used 21869K [0x00000005c1000000, 0x00000005c4100000, 0x0000000715b00000)
  object space 50176K, 43% used [0x00000005c1000000,0x00000005c255b7d0,0x00000005c4100000)
 Metaspace       used 55256K, capacity 58490K, committed 58624K, reserved 1099776K
  class space    used 7353K, capacity 7908K, committed 7936K, reserved 1048576K
Event: 361.571 GC heap after
Heap after GC invocations=54 (full 7):
 PSYoungGen      total 84480K, used 8817K [0x0000000715b00000, 0x000000071ca80000, 0x00000007c0000000)
  eden space 53248K, 0% used [0x0000000715b00000,0x0000000715b00000,0x0000000718f00000)
  from space 31232K, 28% used [0x0000000718f00000,0x000000071979c730,0x000000071ad80000)
  to   space 29696K, 0% used [0x000000071ad80000,0x000000071ad80000,0x000000071ca80000)
 ParOldGen       total 50176K, used 21877K [0x00000005c1000000, 0x00000005c4100000, 0x0000000715b00000)
  object space 50176K, 43% used [0x00000005c1000000,0x00000005c255d7d0,0x00000005c4100000)
 Metaspace       used 55256K, capacity 58490K, committed 58624K, reserved 1099776K
  class space    used 7353K, capacity 7908K, committed 7936K, reserved 1048576K
}
Event: 423.753 GC heap before
{Heap before GC invocations=55 (full 7):
 PSYoungGen      total 84480K, used 62065K [0x0000000715b00000, 0x000000071ca80000, 0x00000007c0000000)
  eden space 53248K, 100% used [0x0000000715b00000,0x0000000718f00000,0x0000000718f00000)
  from space 31232K, 28% used [0x0000000718f00000,0x000000071979c730,0x000000071ad80000)
  to   space 29696K, 0% used [0x000000071ad80000,0x000000071ad80000,0x000000071ca80000)
 ParOldGen       total 50176K, used 21877K [0x00000005c1000000, 0x00000005c4100000, 0x0000000715b00000)
  object space 50176K, 43% used [0x00000005c1000000,0x00000005c255d7d0,0x00000005c4100000)
 Metaspace       used 55280K, capacity 58566K, committed 58624K, reserved 1099776K
  class space    used 7360K, capacity 7910K, committed 7936K, reserved 1048576K
Event: 423.756 GC heap after
Heap after GC invocations=55 (full 7):
 PSYoungGen      total 81408K, used 9090K [0x0000000715b00000, 0x000000071c800000, 0x00000007c0000000)
  eden space 54272K, 0% used [0x0000000715b00000,0x0000000715b00000,0x0000000719000000)
  from space 27136K, 33% used [0x000000071ad80000,0x000000071b660890,0x000000071c800000)
  to   space 28672K, 0% used [0x0000000719000000,0x0000000719000000,0x000000071ac00000)
 ParOldGen       total 50176K, used 21885K [0x00000005c1000000, 0x00000005c4100000, 0x0000000715b00000)
  object space 50176K, 43% used [0x00000005c1000000,0x00000005c255f7d0,0x00000005c4100000)
 Metaspace       used 55280K, capacity 58566K, committed 58624K, reserved 1099776K
  class space    used 7360K, capacity 7910K, committed 7936K, reserved 1048576K
}

