# JRE version: Java(TM) SE Runtime Environment (8.0_05-b13) (build 1.8.0_05-b13)
# Java VM: Java HotSpot(TM) 64-Bit Server VM (25.5-b02 mixed mode windows-amd64 compressed oops)
Heap:
 PSYoungGen      total 78848K, used 29963K [0x0000000715b00000, 0x000000071d380000, 0x00000007c0000000)
  eden space 40960K, 3% used [0x0000000715b00000,0x0000000715c35290,0x0000000718300000)
  from space 37888K, 75% used [0x0000000718300000,0x0000000719f0d9d0,0x000000071a800000)
  to   space 40448K, 0% used [0x000000071ac00000,0x000000071ac00000,0x000000071d380000)
 ParOldGen       total 46592K, used 40489K [0x00000005c1000000, 0x00000005c3d80000, 0x0000000715b00000)
  object space 46592K, 86% used [0x00000005c1000000,0x00000005c378a788,0x00000005c3d80000)
 Metaspace       used 60205K, capacity 65084K, committed 65408K, reserved 1105920K
  class space    used 7940K, capacity 8757K, committed 8832K, reserved 1048576K
GC Heap History (10 events):
Event: 1738.860 GC heap before
{Heap before GC invocations=87 (full 8):
 PSYoungGen      total 57856K, used 57844K [0x0000000715b00000, 0x000000071b100000, 0x00000007c0000000)
  eden space 42496K, 100% used [0x0000000715b00000,0x0000000718480000,0x0000000718480000)
  from space 15360K, 99% used [0x0000000719800000,0x000000071a6fd2b0,0x000000071a700000)
  to   space 19968K, 0% used [0x0000000718480000,0x0000000718480000,0x0000000719800000)
 ParOldGen       total 46592K, used 30166K [0x00000005c1000000, 0x00000005c3d80000, 0x0000000715b00000)
  object space 46592K, 64% used [0x00000005c1000000,0x00000005c2d75988,0x00000005c3d80000)
 Metaspace       used 59368K, capacity 63748K, committed 64000K, reserved 1103872K
  class space    used 7819K, capacity 8591K, committed 8704K, reserved 1048576K
Event: 1738.867 GC heap after
Heap after GC invocations=87 (full 8):
 PSYoungGen      total 62464K, used 19947K [0x0000000715b00000, 0x000000071bb00000, 0x00000007c0000000)
  eden space 42496K, 0% used [0x0000000715b00000,0x0000000715b00000,0x0000000718480000)
  from space 19968K, 99% used [0x0000000718480000,0x00000007197faea8,0x0000000719800000)
  to   space 26112K, 0% used [0x000000071a180000,0x000000071a180000,0x000000071bb00000)
 ParOldGen       total 46592K, used 38865K [0x00000005c1000000, 0x00000005c3d80000, 0x0000000715b00000)
  object space 46592K, 83% used [0x00000005c1000000,0x00000005c35f4788,0x00000005c3d80000)
 Metaspace       used 59368K, capacity 63748K, committed 64000K, reserved 1103872K
  class space    used 7819K, capacity 8591K, committed 8704K, reserved 1048576K
}
Event: 1739.810 GC heap before
{Heap before GC invocations=88 (full 8):
 PSYoungGen      total 62464K, used 62443K [0x0000000715b00000, 0x000000071bb00000, 0x00000007c0000000)
  eden space 42496K, 100% used [0x0000000715b00000,0x0000000718480000,0x0000000718480000)
  from space 19968K, 99% used [0x0000000718480000,0x00000007197faea8,0x0000000719800000)
  to   space 26112K, 0% used [0x000000071a180000,0x000000071a180000,0x000000071bb00000)
 ParOldGen       total 46592K, used 38865K [0x00000005c1000000, 0x00000005c3d80000, 0x0000000715b00000)
  object space 46592K, 83% used [0x00000005c1000000,0x00000005c35f4788,0x00000005c3d80000)
 Metaspace       used 59491K, capacity 63824K, committed 64000K, reserved 1103872K
  class space    used 7828K, capacity 8593K, committed 8704K, reserved 1048576K
Event: 1739.819 GC heap after
Heap after GC invocations=88 (full 8):
 PSYoungGen      total 67584K, used 26089K [0x0000000715b00000, 0x000000071c380000, 0x00000007c0000000)
  eden space 41472K, 0% used [0x0000000715b00000,0x0000000715b00000,0x0000000718380000)
  from space 26112K, 99% used [0x000000071a180000,0x000000071bafa510,0x000000071bb00000)
  to   space 30720K, 0% used [0x0000000718380000,0x0000000718380000,0x000000071a180000)
 ParOldGen       total 46592K, used 40473K [0x00000005c1000000, 0x00000005c3d80000, 0x0000000715b00000)
  object space 46592K, 86% used [0x00000005c1000000,0x00000005c3786788,0x00000005c3d80000)
 Metaspace       used 59491K, capacity 63824K, committed 64000K, reserved 1103872K
  class space    used 7828K, capacity 8593K, committed 8704K, reserved 1048576K
}
Event: 1746.585 GC heap before
{Heap before GC invocations=89 (full 8):
 PSYoungGen      total 67584K, used 67561K [0x0000000715b00000, 0x000000071c380000, 0x00000007c0000000)
  eden space 41472K, 100% used [0x0000000715b00000,0x0000000718380000,0x0000000718380000)
  from space 26112K, 99% used [0x000000071a180000,0x000000071bafa510,0x000000071bb00000)
  to   space 30720K, 0% used [0x0000000718380000,0x0000000718380000,0x000000071a180000)
 ParOldGen       total 46592K, used 40473K [0x00000005c1000000, 0x00000005c3d80000, 0x0000000715b00000)
  object space 46592K, 86% used [0x00000005c1000000,0x00000005c3786788,0x00000005c3d80000)
 Metaspace       used 60034K, capacity 64838K, committed 65152K, reserved 1105920K
  class space    used 7920K, capacity 8748K, committed 8832K, reserved 1048576K
Event: 1746.592 GC heap after
Heap after GC invocations=89 (full 8):
 PSYoungGen      total 72192K, used 28681K [0x0000000715b00000, 0x000000071ca00000, 0x00000007c0000000)
  eden space 41472K, 0% used [0x0000000715b00000,0x0000000715b00000,0x0000000718380000)
  from space 30720K, 93% used [0x0000000718380000,0x0000000719f824f8,0x000000071a180000)
  to   space 34816K, 0% used [0x000000071a800000,0x000000071a800000,0x000000071ca00000)
 ParOldGen       total 46592K, used 40481K [0x00000005c1000000, 0x00000005c3d80000, 0x0000000715b00000)
  object space 46592K, 86% used [0x00000005c1000000,0x00000005c3788788,0x00000005c3d80000)
 Metaspace       used 60034K, capacity 64838K, committed 65152K, reserved 1105920K
  class space    used 7920K, capacity 8748K, committed 8832K, reserved 1048576K
}
Event: 1796.843 GC heap before
{Heap before GC invocations=90 (full 8):
 PSYoungGen      total 72192K, used 70153K [0x0000000715b00000, 0x000000071ca00000, 0x00000007c0000000)
  eden space 41472K, 100% used [0x0000000715b00000,0x0000000718380000,0x0000000718380000)
  from space 30720K, 93% used [0x0000000718380000,0x0000000719f824f8,0x000000071a180000)
  to   space 34816K, 0% used [0x000000071a800000,0x000000071a800000,0x000000071ca00000)
 ParOldGen       total 46592K, used 40481K [0x00000005c1000000, 0x00000005c3d80000, 0x0000000715b00000)
  object space 46592K, 86% used [0x00000005c1000000,0x00000005c3788788,0x00000005c3d80000)
 Metaspace       used 60049K, capacity 64880K, committed 65152K, reserved 1105920K
  class space    used 7924K, capacity 8755K, committed 8832K, reserved 1048576K
Event: 1796.850 GC heap after
Heap after GC invocations=90 (full 8):
 PSYoungGen      total 75776K, used 28584K [0x0000000715b00000, 0x000000071cf80000, 0x00000007c0000000)
  eden space 40960K, 0% used [0x0000000715b00000,0x0000000715b00000,0x0000000718300000)
  from space 34816K, 82% used [0x000000071a800000,0x000000071c3ea398,0x000000071ca00000)
  to   space 37888K, 0% used [0x0000000718300000,0x0000000718300000,0x000000071a800000)
 ParOldGen       total 46592K, used 40489K [0x00000005c1000000, 0x00000005c3d80000, 0x0000000715b00000)
  object space 46592K, 86% used [0x00000005c1000000,0x00000005c378a788,0x00000005c3d80000)
 Metaspace       used 60049K, capacity 64880K, committed 65152K, reserved 1105920K
  class space    used 7924K, capacity 8755K, committed 8832K, reserved 1048576K
}
Event: 1845.873 GC heap before
{Heap before GC invocations=91 (full 8):
 PSYoungGen      total 75776K, used 69544K [0x0000000715b00000, 0x000000071cf80000, 0x00000007c0000000)
  eden space 40960K, 100% used [0x0000000715b00000,0x0000000718300000,0x0000000718300000)
  from space 34816K, 82% used [0x000000071a800000,0x000000071c3ea398,0x000000071ca00000)
  to   space 37888K, 0% used [0x0000000718300000,0x0000000718300000,0x000000071a800000)
 ParOldGen       total 46592K, used 40489K [0x00000005c1000000, 0x00000005c3d80000, 0x0000000715b00000)
  object space 46592K, 86% used [0x00000005c1000000,0x00000005c378a788,0x00000005c3d80000)
 Metaspace       used 60052K, capacity 64892K, committed 65152K, reserved 1105920K
  class space    used 7925K, capacity 8757K, committed 8832K, reserved 1048576K
Event: 1845.880 GC heap after
Heap after GC invocations=91 (full 8):
 PSYoungGen      total 78848K, used 28726K [0x0000000715b00000, 0x000000071d380000, 0x00000007c0000000)
  eden space 40960K, 0% used [0x0000000715b00000,0x0000000715b00000,0x0000000718300000)
  from space 37888K, 75% used [0x0000000718300000,0x0000000719f0d9d0,0x000000071a800000)
  to   space 40448K, 0% used [0x000000071ac00000,0x000000071ac00000,0x000000071d380000)
 ParOldGen       total 46592K, used 40489K [0x00000005c1000000, 0x00000005c3d80000, 0x0000000715b00000)
  object space 46592K, 86% used [0x00000005c1000000,0x00000005c378a788,0x00000005c3d80000)
 Metaspace       used 60052K, capacity 64892K, committed 65152K, reserved 1105920K
  class space    used 7925K, capacity 8757K, committed 8832K, reserved 1048576K
}

