# JRE version: Java(TM) SE Runtime Environment (8.0_05-b13) (build 1.8.0_05-b13)
# Java VM: Java HotSpot(TM) 64-Bit Server VM (25.5-b02 mixed mode windows-amd64 compressed oops)
Heap:
 PSYoungGen      total 17920K, used 2086K [0x0000000715b00000, 0x0000000716e00000, 0x00000007c0000000)
  eden space 16384K, 6% used [0x0000000715b00000,0x0000000715c19b00,0x0000000716b00000)
  from space 1536K, 62% used [0x0000000716c80000,0x0000000716d70000,0x0000000716e00000)
  to   space 1536K, 0% used [0x0000000716b00000,0x0000000716b00000,0x0000000716c80000)
 ParOldGen       total 522752K, used 4242K [0x00000005c1000000, 0x00000005e0e80000, 0x0000000715b00000)
  object space 522752K, 0% used [0x00000005c1000000,0x00000005c1424938,0x00000005e0e80000)
 Metaspace       used 10508K, capacity 11288K, committed 11392K, reserved 1058816K
  class space    used 1275K, capacity 1404K, committed 1408K, reserved 1048576K
GC Heap History (10 events):
Event: 0.532 GC heap before
{Heap before GC invocations=10 (full 0):
 PSYoungGen      total 5120K, used 4849K [0x0000000715b00000, 0x0000000716380000, 0x00000007c0000000)
  eden space 4096K, 99% used [0x0000000715b00000,0x0000000715efc440,0x0000000715f00000)
  from space 1024K, 75% used [0x0000000715f00000,0x0000000715fc0000,0x0000000716000000)
  to   space 1024K, 0% used [0x0000000716280000,0x0000000716280000,0x0000000716380000)
 ParOldGen       total 522752K, used 2240K [0x00000005c1000000, 0x00000005e0e80000, 0x0000000715b00000)
  object space 522752K, 0% used [0x00000005c1000000,0x00000005c12302d0,0x00000005e0e80000)
 Metaspace       used 6032K, capacity 6120K, committed 6400K, reserved 1056768K
  class space    used 639K, capacity 662K, committed 768K, reserved 1048576K
Event: 0.533 GC heap after
Heap after GC invocations=10 (full 0):
 PSYoungGen      total 7168K, used 1019K [0x0000000715b00000, 0x0000000716480000, 0x00000007c0000000)
  eden space 6144K, 0% used [0x0000000715b00000,0x0000000715b00000,0x0000000716100000)
  from space 1024K, 99% used [0x0000000716280000,0x000000071637ef30,0x0000000716380000)
  to   space 1536K, 0% used [0x0000000716100000,0x0000000716100000,0x0000000716280000)
 ParOldGen       total 522752K, used 2616K [0x00000005c1000000, 0x00000005e0e80000, 0x0000000715b00000)
  object space 522752K, 0% used [0x00000005c1000000,0x00000005c128e2f8,0x00000005e0e80000)
 Metaspace       used 6032K, capacity 6120K, committed 6400K, reserved 1056768K
  class space    used 639K, capacity 662K, committed 768K, reserved 1048576K
}
Event: 0.597 GC heap before
{Heap before GC invocations=11 (full 0):
 PSYoungGen      total 7168K, used 7163K [0x0000000715b00000, 0x0000000716480000, 0x00000007c0000000)
  eden space 6144K, 100% used [0x0000000715b00000,0x0000000716100000,0x0000000716100000)
  from space 1024K, 99% used [0x0000000716280000,0x000000071637ef30,0x0000000716380000)
  to   space 1536K, 0% used [0x0000000716100000,0x0000000716100000,0x0000000716280000)
 ParOldGen       total 522752K, used 2616K [0x00000005c1000000, 0x00000005e0e80000, 0x0000000715b00000)
  object space 522752K, 0% used [0x00000005c1000000,0x00000005c128e2f8,0x00000005e0e80000)
 Metaspace       used 7311K, capacity 7542K, committed 7808K, reserved 1056768K
  class space    used 802K, capacity 857K, committed 896K, reserved 1048576K
Event: 0.598 GC heap after
Heap after GC invocations=11 (full 0):
 PSYoungGen      total 7680K, used 770K [0x0000000715b00000, 0x0000000716800000, 0x00000007c0000000)
  eden space 6144K, 0% used [0x0000000715b00000,0x0000000715b00000,0x0000000716100000)
  from space 1536K, 50% used [0x0000000716100000,0x00000007161c0918,0x0000000716280000)
  to   space 1536K, 0% used [0x0000000716680000,0x0000000716680000,0x0000000716800000)
 ParOldGen       total 522752K, used 3270K [0x00000005c1000000, 0x00000005e0e80000, 0x0000000715b00000)
  object space 522752K, 0% used [0x00000005c1000000,0x00000005c1331bc0,0x00000005e0e80000)
 Metaspace       used 7311K, capacity 7542K, committed 7808K, reserved 1056768K
  class space    used 802K, capacity 857K, committed 896K, reserved 1048576K
}
Event: 0.644 GC heap before
{Heap before GC invocations=12 (full 0):
 PSYoungGen      total 7680K, used 6914K [0x0000000715b00000, 0x0000000716800000, 0x00000007c0000000)
  eden space 6144K, 100% used [0x0000000715b00000,0x0000000716100000,0x0000000716100000)
  from space 1536K, 50% used [0x0000000716100000,0x00000007161c0918,0x0000000716280000)
  to   space 1536K, 0% used [0x0000000716680000,0x0000000716680000,0x0000000716800000)
 ParOldGen       total 522752K, used 3270K [0x00000005c1000000, 0x00000005e0e80000, 0x0000000715b00000)
  object space 522752K, 0% used [0x00000005c1000000,0x00000005c1331bc0,0x00000005e0e80000)
 Metaspace       used 7737K, capacity 8024K, committed 8192K, reserved 1056768K
  class space    used 866K, capacity 924K, committed 1024K, reserved 1048576K
Event: 0.645 GC heap after
Heap after GC invocations=12 (full 0):
 PSYoungGen      total 11776K, used 714K [0x0000000715b00000, 0x0000000716800000, 0x00000007c0000000)
  eden space 10240K, 0% used [0x0000000715b00000,0x0000000715b00000,0x0000000716500000)
  from space 1536K, 46% used [0x0000000716680000,0x0000000716732840,0x0000000716800000)
  to   space 1536K, 0% used [0x0000000716500000,0x0000000716500000,0x0000000716680000)
 ParOldGen       total 522752K, used 3679K [0x00000005c1000000, 0x00000005e0e80000, 0x0000000715b00000)
  object space 522752K, 0% used [0x00000005c1000000,0x00000005c1397c00,0x00000005e0e80000)
 Metaspace       used 7737K, capacity 8024K, committed 8192K, reserved 1056768K
  class space    used 866K, capacity 924K, committed 1024K, reserved 1048576K
}
Event: 0.737 GC heap before
{Heap before GC invocations=13 (full 0):
 PSYoungGen      total 11776K, used 10954K [0x0000000715b00000, 0x0000000716800000, 0x00000007c0000000)
  eden space 10240K, 100% used [0x0000000715b00000,0x0000000716500000,0x0000000716500000)
  from space 1536K, 46% used [0x0000000716680000,0x0000000716732840,0x0000000716800000)
  to   space 1536K, 0% used [0x0000000716500000,0x0000000716500000,0x0000000716680000)
 ParOldGen       total 522752K, used 3679K [0x00000005c1000000, 0x00000005e0e80000, 0x0000000715b00000)
  object space 522752K, 0% used [0x00000005c1000000,0x00000005c1397c00,0x00000005e0e80000)
 Metaspace       used 8879K, capacity 9294K, committed 9344K, reserved 1056768K
  class space    used 1030K, capacity 1125K, committed 1152K, reserved 1048576K
Event: 0.739 GC heap after
Heap after GC invocations=13 (full 0):
 PSYoungGen      total 11776K, used 1039K [0x0000000715b00000, 0x0000000716e00000, 0x00000007c0000000)
  eden space 10240K, 0% used [0x0000000715b00000,0x0000000715b00000,0x0000000716500000)
  from space 1536K, 67% used [0x0000000716500000,0x0000000716603e88,0x0000000716680000)
  to   space 1536K, 0% used [0x0000000716c80000,0x0000000716c80000,0x0000000716e00000)
 ParOldGen       total 522752K, used 3926K [0x00000005c1000000, 0x00000005e0e80000, 0x0000000715b00000)
  object space 522752K, 0% used [0x00000005c1000000,0x00000005c13d5af8,0x00000005e0e80000)
 Metaspace       used 8879K, capacity 9294K, committed 9344K, reserved 1056768K
  class space    used 1030K, capacity 1125K, committed 1152K, reserved 1048576K
}
Event: 0.840 GC heap before
{Heap before GC invocations=14 (full 0):
 PSYoungGen      total 11776K, used 11279K [0x0000000715b00000, 0x0000000716e00000, 0x00000007c0000000)
  eden space 10240K, 100% used [0x0000000715b00000,0x0000000716500000,0x0000000716500000)
  from space 1536K, 67% used [0x0000000716500000,0x0000000716603e88,0x0000000716680000)
  to   space 1536K, 0% used [0x0000000716c80000,0x0000000716c80000,0x0000000716e00000)
 ParOldGen       total 522752K, used 3926K [0x00000005c1000000, 0x00000005e0e80000, 0x0000000715b00000)
  object space 522752K, 0% used [0x00000005c1000000,0x00000005c13d5af8,0x00000005e0e80000)
 Metaspace       used 10103K, capacity 10816K, committed 10880K, reserved 1058816K
  class space    used 1227K, capacity 1358K, committed 1408K, reserved 1048576K
Event: 0.841 GC heap after
Heap after GC invocations=14 (full 0):
 PSYoungGen      total 17920K, used 960K [0x0000000715b00000, 0x0000000716e00000, 0x00000007c0000000)
  eden space 16384K, 0% used [0x0000000715b00000,0x0000000715b00000,0x0000000716b00000)
  from space 1536K, 62% used [0x0000000716c80000,0x0000000716d70000,0x0000000716e00000)
  to   space 1536K, 0% used [0x0000000716b00000,0x0000000716b00000,0x0000000716c80000)
 ParOldGen       total 522752K, used 4242K [0x00000005c1000000, 0x00000005e0e80000, 0x0000000715b00000)
  object space 522752K, 0% used [0x00000005c1000000,0x00000005c1424938,0x00000005e0e80000)
 Metaspace       used 10103K, capacity 10816K, committed 10880K, reserved 1058816K
  class space    used 1227K, capacity 1358K, committed 1408K, reserved 1048576K
}

